<?xml version="1.0" encoding="UTF-8"?>
<coverage generated="1782019290541" clover="3.2.0">
  <project timestamp="1782019290541" name="All files">
    <metrics statements="89" coveredstatements="88" conditionals="19" coveredconditionals="17" methods="56" coveredmethods="52" elements="164" coveredelements="157" complexity="0" loc="89" ncloc="89" packages="5" files="7" classes="7"/>
    <package name="features.auth">
      <metrics statements="30" coveredstatements="30" conditionals="2" coveredconditionals="2" methods="16" coveredmethods="16"/>
      <file name="AuthContext.tsx" path="C:\Users\pato\Desktop\proyecto-fullstack3\frontend\src\features\auth\AuthContext.tsx">
        <metrics statements="1" coveredstatements="1" conditionals="0" coveredconditionals="0" methods="0" coveredmethods="0"/>
        <line num="25" count="1" type="stmt"/>
      </file>
      <file name="AuthProvider.tsx" path="C:\Users\pato\Desktop\proyecto-fullstack3\frontend\src\features\auth\AuthProvider.tsx">
        <metrics statements="12" coveredstatements="12" conditionals="2" coveredconditionals="2" methods="4" coveredmethods="4"/>
        <line num="12" count="15" type="stmt"/>
        <line num="14" count="7" type="stmt"/>
        <line num="16" count="7" type="cond" truecount="2" falsecount="0"/>
        <line num="19" count="15" type="stmt"/>
        <line num="21" count="6" type="stmt"/>
        <line num="22" count="6" type="stmt"/>
        <line num="24" count="6" type="stmt"/>
        <line num="27" count="15" type="stmt"/>
        <line num="29" count="2" type="stmt"/>
        <line num="30" count="2" type="stmt"/>
        <line num="32" count="2" type="stmt"/>
        <line num="35" count="15" type="stmt"/>
      </file>
      <file name="authApi.ts" path="C:\Users\pato\Desktop\proyecto-fullstack3\frontend\src\features\auth\authApi.ts">
        <metrics statements="17" coveredstatements="17" conditionals="0" coveredconditionals="0" methods="12" coveredmethods="12"/>
        <line num="4" count="1" type="stmt"/>
        <line num="5" count="1" type="stmt"/>
        <line num="8" count="1" type="stmt"/>
        <line num="12" count="1" type="stmt"/>
        <line num="13" count="1" type="stmt"/>
        <line num="14" count="1" type="stmt"/>
        <line num="18" count="1" type="stmt"/>
        <line num="19" count="1" type="stmt"/>
        <line num="20" count="1" type="stmt"/>
        <line num="24" count="1" type="stmt"/>
        <line num="25" count="1" type="stmt"/>
        <line num="26" count="1" type="stmt"/>
        <line num="30" count="1" type="stmt"/>
        <line num="31" count="1" type="stmt"/>
        <line num="35" count="1" type="stmt"/>
        <line num="36" count="1" type="stmt"/>
        <line num="37" count="1" type="stmt"/>
      </file>
    </package>
    <package name="features.cart">
      <metrics statements="35" coveredstatements="35" conditionals="14" coveredconditionals="12" methods="22" coveredmethods="18"/>
      <file name="CartContext.tsx" path="C:\Users\pato\Desktop\proyecto-fullstack3\frontend\src\features\cart\CartContext.tsx">
        <metrics statements="35" coveredstatements="35" conditionals="14" coveredconditionals="12" methods="22" coveredmethods="18"/>
        <line num="25" count="1" type="stmt"/>
        <line num="35" count="1" type="stmt"/>
        <line num="42" count="30" type="stmt"/>
        <line num="43" count="14" type="stmt"/>
        <line num="44" count="14" type="stmt"/>
        <line num="45" count="14" type="cond" truecount="2" falsecount="0"/>
        <line num="47" count="1" type="stmt"/>
        <line num="51" count="30" type="stmt"/>
        <line num="52" count="29" type="stmt"/>
        <line num="53" count="29" type="stmt"/>
        <line num="59" count="30" type="stmt"/>
        <line num="60" count="29" type="stmt"/>
        <line num="64" count="30" type="stmt"/>
        <line num="65" count="29" type="stmt"/>
        <line num="69" count="30" type="stmt"/>
        <line num="70" count="14" type="cond" truecount="2" falsecount="0"/>
        <line num="72" count="13" type="stmt"/>
        <line num="73" count="13" type="stmt"/>
        <line num="75" count="13" type="cond" truecount="2" falsecount="0"/>
        <line num="76" count="2" type="stmt"/>
        <line num="77" count="2" type="cond" truecount="2" falsecount="0"/>
        <line num="78" count="1" type="stmt"/>
        <line num="81" count="1" type="stmt"/>
        <line num="82" count="1" type="cond" truecount="1" falsecount="1"/>
        <line num="88" count="11" type="stmt"/>
        <line num="92" count="30" type="stmt"/>
        <line num="93" count="3" type="cond" truecount="2" falsecount="0"/>
        <line num="95" count="2" type="stmt"/>
        <line num="96" count="2" type="stmt"/>
        <line num="97" count="2" type="cond" truecount="1" falsecount="1"/>
        <line num="104" count="30" type="stmt"/>
        <line num="105" count="1" type="stmt"/>
        <line num="108" count="30" type="stmt"/>
        <line num="109" count="1" type="stmt"/>
        <line num="112" count="30" type="stmt"/>
      </file>
    </package>
    <package name="features.inventory">
      <metrics statements="10" coveredstatements="10" conditionals="0" coveredconditionals="0" methods="9" coveredmethods="9"/>
      <file name="inventoryApi.ts" path="C:\Users\pato\Desktop\proyecto-fullstack3\frontend\src\features\inventory\inventoryApi.ts">
        <metrics statements="10" coveredstatements="10" conditionals="0" coveredconditionals="0" methods="9" coveredmethods="9"/>
        <line num="3" count="1" type="stmt"/>
        <line num="4" count="1" type="stmt"/>
        <line num="7" count="1" type="stmt"/>
        <line num="8" count="1" type="stmt"/>
        <line num="11" count="1" type="stmt"/>
        <line num="12" count="1" type="stmt"/>
        <line num="15" count="1" type="stmt"/>
        <line num="16" count="1" type="stmt"/>
        <line num="19" count="1" type="stmt"/>
        <line num="20" count="1" type="stmt"/>
      </file>
    </package>
    <package name="features.reporting">
      <metrics statements="10" coveredstatements="10" conditionals="1" coveredconditionals="1" methods="8" coveredmethods="8"/>
      <file name="reportingApi.ts" path="C:\Users\pato\Desktop\proyecto-fullstack3\frontend\src\features\reporting\reportingApi.ts">
        <metrics statements="10" coveredstatements="10" conditionals="1" coveredconditionals="1" methods="8" coveredmethods="8"/>
        <line num="3" count="1" type="stmt"/>
        <line num="4" count="1" type="stmt"/>
        <line num="7" count="1" type="cond" truecount="1" falsecount="0"/>
        <line num="8" count="2" type="stmt"/>
        <line num="11" count="1" type="stmt"/>
        <line num="12" count="1" type="stmt"/>
        <line num="15" count="1" type="stmt"/>
        <line num="16" count="2" type="stmt"/>
        <line num="17" count="2" type="stmt"/>
        <line num="19" count="2" type="stmt"/>
      </file>
    </package>
    <package name="utils">
      <metrics statements="4" coveredstatements="3" conditionals="2" coveredconditionals="2" methods="1" coveredmethods="1"/>
      <file name="format.ts" path="C:\Users\pato\Desktop\proyecto-fullstack3\frontend\src\utils\format.ts">
        <metrics statements="4" coveredstatements="3" conditionals="2" coveredconditionals="2" methods="1" coveredmethods="1"/>
        <line num="2" count="5" type="stmt"/>
        <line num="3" count="5" type="stmt"/>
        <line num="8" count="5" type="stmt"/>
        <line num="11" count="0" type="stmt"/>
      </file>
    </package>
  </project>
</coverage>
