{"C:\\Users\\pato\\Desktop\\proyecto-fullstack3\\frontend\\src\\features\\auth\\AuthContext.tsx": {"path":"C:\\Users\\pato\\Desktop\\proyecto-fullstack3\\frontend\\src\\features\\auth\\AuthContext.tsx","statementMap":{"0":{"start":{"line":25,"column":13},"end":{"line":25,"column":70}}},"fnMap":{},"branchMap":{},"s":{"0":1},"f":{},"b":{},"meta":{"lastBranch":0,"lastFunction":0,"lastStatement":1,"seen":{"s:25:13:25:70":0},"fnNames":{}}}
,"C:\\Users\\pato\\Desktop\\proyecto-fullstack3\\frontend\\src\\features\\auth\\AuthProvider.tsx": {"path":"C:\\Users\\pato\\Desktop\\proyecto-fullstack3\\frontend\\src\\features\\auth\\AuthProvider.tsx","statementMap":{"0":{"start":{"line":12,"column":15},"end":{"line":17,"column":null}},"1":{"start":{"line":14,"column":17},"end":{"line":14,"column":45}},"2":{"start":{"line":16,"column":4},"end":{"line":16,"column":null}},"3":{"start":{"line":19,"column":8},"end":{"line":24,"column":null}},"4":{"start":{"line":21,"column":4},"end":{"line":21,"column":null}},"5":{"start":{"line":22,"column":4},"end":{"line":22,"column":null}},"6":{"start":{"line":24,"column":4},"end":{"line":24,"column":null}},"7":{"start":{"line":27,"column":8},"end":{"line":32,"column":null}},"8":{"start":{"line":29,"column":4},"end":{"line":29,"column":null}},"9":{"start":{"line":30,"column":4},"end":{"line":30,"column":null}},"10":{"start":{"line":32,"column":4},"end":{"line":32,"column":null}},"11":{"start":{"line":35,"column":2},"end":{"line":38,"column":null}}},"fnMap":{"0":{"name":"AuthProvider","decl":{"start":{"line":10,"column":16},"end":{"line":10,"column":29}},"loc":{"start":{"line":10,"column":50},"end":{"line":38,"column":null}},"line":10},"1":{"name":"(anonymous_1)","decl":{"start":{"line":12,"column":26},"end":{"line":12,"column":54}},"loc":{"start":{"line":12,"column":54},"end":{"line":17,"column":null}},"line":12},"2":{"name":"(anonymous_2)","decl":{"start":{"line":19,"column":8},"end":{"line":19,"column":21}},"loc":{"start":{"line":19,"column":61},"end":{"line":24,"column":null}},"line":19},"3":{"name":"(anonymous_3)","decl":{"start":{"line":27,"column":8},"end":{"line":27,"column":23}},"loc":{"start":{"line":27,"column":23},"end":{"line":32,"column":null}},"line":27}},"branchMap":{"0":{"loc":{"start":{"line":16,"column":11},"end":{"line":16,"column":null}},"type":"cond-expr","locations":[{"start":{"line":16,"column":18},"end":{"line":16,"column":34}},{"start":{"line":16,"column":37},"end":{"line":16,"column":null}}],"line":16}},"s":{"0":15,"1":7,"2":7,"3":15,"4":6,"5":6,"6":6,"7":15,"8":2,"9":2,"10":2,"11":15},"f":{"0":15,"1":7,"2":6,"3":2},"b":{"0":[1,6]},"meta":{"lastBranch":1,"lastFunction":4,"lastStatement":12,"seen":{"f:10:16:10:29":0,"s:12:15:17:Infinity":0,"f:12:26:12:54":1,"s:14:17:14:45":1,"s:16:4:16:Infinity":2,"b:16:18:16:34:16:37:16:Infinity":0,"s:19:8:24:Infinity":3,"f:19:8:19:21":2,"s:21:4:21:Infinity":4,"s:22:4:22:Infinity":5,"s:24:4:24:Infinity":6,"s:27:8:32:Infinity":7,"f:27:8:27:23":3,"s:29:4:29:Infinity":8,"s:30:4:30:Infinity":9,"s:32:4:32:Infinity":10,"s:35:2:38:Infinity":11},"fnNames":{}}}
,"C:\\Users\\pato\\Desktop\\proyecto-fullstack3\\frontend\\src\\features\\auth\\authApi.ts": {"path":"C:\\Users\\pato\\Desktop\\proyecto-fullstack3\\frontend\\src\\features\\auth\\authApi.ts","statementMap":{"0":{"start":{"line":4,"column":13},"end":{"line":8,"column":null}},"1":{"start":{"line":5,"column":2},"end":{"line":8,"column":null}},"2":{"start":{"line":8,"column":17},"end":{"line":8,"column":26}},"3":{"start":{"line":12,"column":13},"end":{"line":14,"column":null}},"4":{"start":{"line":13,"column":2},"end":{"line":14,"column":null}},"5":{"start":{"line":14,"column":17},"end":{"line":14,"column":26}},"6":{"start":{"line":18,"column":13},"end":{"line":20,"column":null}},"7":{"start":{"line":19,"column":2},"end":{"line":20,"column":null}},"8":{"start":{"line":20,"column":17},"end":{"line":20,"column":26}},"9":{"start":{"line":24,"column":13},"end":{"line":26,"column":null}},"10":{"start":{"line":25,"column":2},"end":{"line":26,"column":null}},"11":{"start":{"line":26,"column":17},"end":{"line":26,"column":26}},"12":{"start":{"line":30,"column":13},"end":{"line":31,"column":null}},"13":{"start":{"line":31,"column":2},"end":{"line":31,"column":null}},"14":{"start":{"line":31,"column":39},"end":{"line":31,"column":48}},"15":{"start":{"line":35,"column":13},"end":{"line":37,"column":null}},"16":{"start":{"line":36,"column":2},"end":{"line":37,"column":null}},"17":{"start":{"line":37,"column":17},"end":{"line":37,"column":26}}},"fnMap":{"0":{"name":"(anonymous_0)","decl":{"start":{"line":4,"column":13},"end":{"line":4,"column":22}},"loc":{"start":{"line":4,"column":58},"end":{"line":8,"column":null}},"line":4},"1":{"name":"(anonymous_1)","decl":{"start":{"line":8,"column":5},"end":{"line":8,"column":10}},"loc":{"start":{"line":8,"column":17},"end":{"line":8,"column":26}},"line":8},"2":{"name":"(anonymous_2)","decl":{"start":{"line":12,"column":13},"end":{"line":12,"column":29}},"loc":{"start":{"line":12,"column":47},"end":{"line":14,"column":null}},"line":12},"3":{"name":"(anonymous_3)","decl":{"start":{"line":14,"column":5},"end":{"line":14,"column":10}},"loc":{"start":{"line":14,"column":17},"end":{"line":14,"column":26}},"line":14},"4":{"name":"(anonymous_4)","decl":{"start":{"line":18,"column":13},"end":{"line":18,"column":27}},"loc":{"start":{"line":18,"column":45},"end":{"line":20,"column":null}},"line":18},"5":{"name":"(anonymous_5)","decl":{"start":{"line":20,"column":5},"end":{"line":20,"column":10}},"loc":{"start":{"line":20,"column":17},"end":{"line":20,"column":26}},"line":20},"6":{"name":"(anonymous_6)","decl":{"start":{"line":24,"column":13},"end":{"line":24,"column":27}},"loc":{"start":{"line":24,"column":57},"end":{"line":26,"column":null}},"line":24},"7":{"name":"(anonymous_7)","decl":{"start":{"line":26,"column":5},"end":{"line":26,"column":10}},"loc":{"start":{"line":26,"column":17},"end":{"line":26,"column":26}},"line":26},"8":{"name":"(anonymous_8)","decl":{"start":{"line":30,"column":13},"end":{"line":30,"column":33}},"loc":{"start":{"line":30,"column":33},"end":{"line":31,"column":null}},"line":30},"9":{"name":"(anonymous_9)","decl":{"start":{"line":31,"column":27},"end":{"line":31,"column":32}},"loc":{"start":{"line":31,"column":39},"end":{"line":31,"column":48}},"line":31},"10":{"name":"(anonymous_10)","decl":{"start":{"line":35,"column":13},"end":{"line":35,"column":27}},"loc":{"start":{"line":35,"column":42},"end":{"line":37,"column":null}},"line":35},"11":{"name":"(anonymous_11)","decl":{"start":{"line":37,"column":5},"end":{"line":37,"column":10}},"loc":{"start":{"line":37,"column":17},"end":{"line":37,"column":26}},"line":37}},"branchMap":{},"s":{"0":1,"1":1,"2":1,"3":1,"4":1,"5":1,"6":1,"7":1,"8":1,"9":1,"10":1,"11":1,"12":1,"13":1,"14":1,"15":1,"16":1,"17":1},"f":{"0":1,"1":1,"2":1,"3":1,"4":1,"5":1,"6":1,"7":1,"8":1,"9":1,"10":1,"11":1},"b":{},"meta":{"lastBranch":0,"lastFunction":12,"lastStatement":18,"seen":{"s:4:13:8:Infinity":0,"f:4:13:4:22":0,"s:5:2:8:Infinity":1,"f:8:5:8:10":1,"s:8:17:8:26":2,"s:12:13:14:Infinity":3,"f:12:13:12:29":2,"s:13:2:14:Infinity":4,"f:14:5:14:10":3,"s:14:17:14:26":5,"s:18:13:20:Infinity":6,"f:18:13:18:27":4,"s:19:2:20:Infinity":7,"f:20:5:20:10":5,"s:20:17:20:26":8,"s:24:13:26:Infinity":9,"f:24:13:24:27":6,"s:25:2:26:Infinity":10,"f:26:5:26:10":7,"s:26:17:26:26":11,"s:30:13:31:Infinity":12,"f:30:13:30:33":8,"s:31:2:31:Infinity":13,"f:31:27:31:32":9,"s:31:39:31:48":14,"s:35:13:37:Infinity":15,"f:35:13:35:27":10,"s:36:2:37:Infinity":16,"f:37:5:37:10":11,"s:37:17:37:26":17},"fnNames":{}}}
,"C:\\Users\\pato\\Desktop\\proyecto-fullstack3\\frontend\\src\\features\\cart\\CartContext.tsx": {"path":"C:\\Users\\pato\\Desktop\\proyecto-fullstack3\\frontend\\src\\features\\cart\\CartContext.tsx","statementMap":{"0":{"start":{"line":25,"column":38},"end":{"line":33,"column":null}},"1":{"start":{"line":35,"column":13},"end":{"line":35,"column":71}},"2":{"start":{"line":42,"column":16},"end":{"line":49,"column":null}},"3":{"start":{"line":43,"column":4},"end":{"line":47,"column":null}},"4":{"start":{"line":44,"column":21},"end":{"line":44,"column":49}},"5":{"start":{"line":45,"column":6},"end":{"line":45,"column":null}},"6":{"start":{"line":47,"column":6},"end":{"line":47,"column":null}},"7":{"start":{"line":51,"column":2},"end":{"line":57,"column":null}},"8":{"start":{"line":52,"column":4},"end":{"line":54,"column":null}},"9":{"start":{"line":53,"column":6},"end":{"line":53,"column":null}},"10":{"start":{"line":59,"column":8},"end":{"line":61,"column":null}},"11":{"start":{"line":60,"column":10},"end":{"line":60,"column":61}},"12":{"start":{"line":60,"column":38},"end":{"line":60,"column":59}},"13":{"start":{"line":64,"column":8},"end":{"line":66,"column":null}},"14":{"start":{"line":65,"column":10},"end":{"line":65,"column":74}},"15":{"start":{"line":65,"column":38},"end":{"line":65,"column":72}},"16":{"start":{"line":69,"column":8},"end":{"line":89,"column":null}},"17":{"start":{"line":70,"column":4},"end":{"line":70,"column":null}},"18":{"start":{"line":70,"column":22},"end":{"line":70,"column":null}},"19":{"start":{"line":72,"column":4},"end":{"line":89,"column":null}},"20":{"start":{"line":73,"column":23},"end":{"line":73,"column":73}},"21":{"start":{"line":73,"column":46},"end":{"line":73,"column":73}},"22":{"start":{"line":75,"column":6},"end":{"line":85,"column":null}},"23":{"start":{"line":76,"column":28},"end":{"line":76,"column":null}},"24":{"start":{"line":77,"column":8},"end":{"line":78,"column":null}},"25":{"start":{"line":78,"column":10},"end":{"line":78,"column":null}},"26":{"start":{"line":81,"column":8},"end":{"line":85,"column":null}},"27":{"start":{"line":82,"column":10},"end":{"line":84,"column":null}},"28":{"start":{"line":88,"column":6},"end":{"line":88,"column":null}},"29":{"start":{"line":92,"column":8},"end":{"line":101,"column":null}},"30":{"start":{"line":93,"column":4},"end":{"line":93,"column":null}},"31":{"start":{"line":93,"column":22},"end":{"line":93,"column":null}},"32":{"start":{"line":95,"column":4},"end":{"line":101,"column":null}},"33":{"start":{"line":96,"column":6},"end":{"line":99,"column":null}},"34":{"start":{"line":97,"column":8},"end":{"line":99,"column":null}},"35":{"start":{"line":104,"column":8},"end":{"line":105,"column":null}},"36":{"start":{"line":105,"column":4},"end":{"line":105,"column":null}},"37":{"start":{"line":105,"column":26},"end":{"line":105,"column":70}},"38":{"start":{"line":105,"column":51},"end":{"line":105,"column":70}},"39":{"start":{"line":108,"column":8},"end":{"line":109,"column":null}},"40":{"start":{"line":109,"column":4},"end":{"line":109,"column":null}},"41":{"start":{"line":112,"column":2},"end":{"line":125,"column":null}}},"fnMap":{"0":{"name":"(anonymous_0)","decl":{"start":{"line":29,"column":2},"end":{"line":29,"column":19}},"loc":{"start":{"line":29,"column":19},"end":{"line":29,"column":null}},"line":29},"1":{"name":"(anonymous_1)","decl":{"start":{"line":30,"column":2},"end":{"line":30,"column":24}},"loc":{"start":{"line":30,"column":24},"end":{"line":30,"column":null}},"line":30},"2":{"name":"(anonymous_2)","decl":{"start":{"line":31,"column":2},"end":{"line":31,"column":24}},"loc":{"start":{"line":31,"column":24},"end":{"line":31,"column":null}},"line":31},"3":{"name":"(anonymous_3)","decl":{"start":{"line":32,"column":2},"end":{"line":32,"column":19}},"loc":{"start":{"line":32,"column":19},"end":{"line":32,"column":null}},"line":32},"4":{"name":"CartProvider","decl":{"start":{"line":41,"column":16},"end":{"line":41,"column":29}},"loc":{"start":{"line":41,"column":50},"end":{"line":125,"column":null}},"line":41},"5":{"name":"(anonymous_5)","decl":{"start":{"line":42,"column":28},"end":{"line":42,"column":58}},"loc":{"start":{"line":42,"column":58},"end":{"line":49,"column":null}},"line":42},"6":{"name":"(anonymous_6)","decl":{"start":{"line":51,"column":2},"end":{"line":51,"column":18}},"loc":{"start":{"line":51,"column":18},"end":{"line":57,"column":6}},"line":51},"7":{"name":"(anonymous_7)","decl":{"start":{"line":59,"column":21},"end":{"line":59,"column":null}},"loc":{"start":{"line":60,"column":10},"end":{"line":60,"column":61}},"line":60},"8":{"name":"(anonymous_8)","decl":{"start":{"line":60,"column":16},"end":{"line":60,"column":24}},"loc":{"start":{"line":60,"column":38},"end":{"line":60,"column":59}},"line":60},"9":{"name":"(anonymous_9)","decl":{"start":{"line":64,"column":21},"end":{"line":64,"column":null}},"loc":{"start":{"line":65,"column":10},"end":{"line":65,"column":74}},"line":65},"10":{"name":"(anonymous_10)","decl":{"start":{"line":65,"column":16},"end":{"line":65,"column":24}},"loc":{"start":{"line":65,"column":38},"end":{"line":65,"column":72}},"line":65},"11":{"name":"(anonymous_11)","decl":{"start":{"line":69,"column":8},"end":{"line":69,"column":21}},"loc":{"start":{"line":69,"column":82},"end":{"line":89,"column":null}},"line":69},"12":{"name":"(anonymous_12)","decl":{"start":{"line":72,"column":4},"end":{"line":72,"column":14}},"loc":{"start":{"line":72,"column":26},"end":{"line":89,"column":null}},"line":72},"13":{"name":"(anonymous_13)","decl":{"start":{"line":73,"column":31},"end":{"line":73,"column":37}},"loc":{"start":{"line":73,"column":46},"end":{"line":73,"column":73}},"line":73},"14":{"name":"(anonymous_14)","decl":{"start":{"line":81,"column":23},"end":{"line":81,"column":28}},"loc":{"start":{"line":82,"column":10},"end":{"line":84,"column":null}},"line":82},"15":{"name":"(anonymous_15)","decl":{"start":{"line":92,"column":8},"end":{"line":92,"column":26}},"loc":{"start":{"line":92,"column":61},"end":{"line":101,"column":null}},"line":92},"16":{"name":"(anonymous_16)","decl":{"start":{"line":95,"column":4},"end":{"line":95,"column":14}},"loc":{"start":{"line":96,"column":6},"end":{"line":99,"column":null}},"line":96},"17":{"name":"(anonymous_17)","decl":{"start":{"line":96,"column":14},"end":{"line":96,"column":19}},"loc":{"start":{"line":97,"column":8},"end":{"line":99,"column":null}},"line":97},"18":{"name":"(anonymous_18)","decl":{"start":{"line":104,"column":8},"end":{"line":104,"column":26}},"loc":{"start":{"line":104,"column":43},"end":{"line":105,"column":null}},"line":104},"19":{"name":"(anonymous_19)","decl":{"start":{"line":105,"column":4},"end":{"line":105,"column":14}},"loc":{"start":{"line":105,"column":26},"end":{"line":105,"column":70}},"line":105},"20":{"name":"(anonymous_20)","decl":{"start":{"line":105,"column":34},"end":{"line":105,"column":42}},"loc":{"start":{"line":105,"column":51},"end":{"line":105,"column":70}},"line":105},"21":{"name":"(anonymous_21)","decl":{"start":{"line":108,"column":8},"end":{"line":108,"column":26}},"loc":{"start":{"line":108,"column":26},"end":{"line":109,"column":null}},"line":108}},"branchMap":{"0":{"loc":{"start":{"line":45,"column":13},"end":{"line":45,"column":45}},"type":"cond-expr","locations":[{"start":{"line":45,"column":22},"end":{"line":45,"column":40}},{"start":{"line":45,"column":43},"end":{"line":45,"column":45}}],"line":45},"1":{"loc":{"start":{"line":70,"column":4},"end":{"line":70,"column":null}},"type":"if","locations":[{"start":{"line":70,"column":4},"end":{"line":70,"column":null}},{"start":{},"end":{}}],"line":70},"2":{"loc":{"start":{"line":75,"column":6},"end":{"line":85,"column":null}},"type":"if","locations":[{"start":{"line":75,"column":6},"end":{"line":85,"column":null}},{"start":{},"end":{}}],"line":75},"3":{"loc":{"start":{"line":77,"column":8},"end":{"line":78,"column":null}},"type":"if","locations":[{"start":{"line":77,"column":8},"end":{"line":78,"column":null}},{"start":{},"end":{}}],"line":77},"4":{"loc":{"start":{"line":82,"column":10},"end":{"line":84,"column":null}},"type":"cond-expr","locations":[{"start":{"line":83,"column":14},"end":{"line":83,"column":null}},{"start":{"line":84,"column":14},"end":{"line":84,"column":null}}],"line":82},"5":{"loc":{"start":{"line":93,"column":4},"end":{"line":93,"column":null}},"type":"if","locations":[{"start":{"line":93,"column":4},"end":{"line":93,"column":null}},{"start":{},"end":{}}],"line":93},"6":{"loc":{"start":{"line":97,"column":8},"end":{"line":99,"column":null}},"type":"cond-expr","locations":[{"start":{"line":98,"column":12},"end":{"line":98,"column":null}},{"start":{"line":99,"column":12},"end":{"line":99,"column":null}}],"line":97}},"s":{"0":1,"1":1,"2":30,"3":14,"4":14,"5":14,"6":1,"7":30,"8":29,"9":29,"10":30,"11":29,"12":15,"13":30,"14":29,"15":15,"16":30,"17":14,"18":1,"19":13,"20":13,"21":3,"22":13,"23":2,"24":2,"25":1,"26":1,"27":1,"28":11,"29":30,"30":3,"31":1,"32":2,"33":2,"34":2,"35":30,"36":1,"37":1,"38":1,"39":30,"40":1,"41":30},"f":{"0":0,"1":0,"2":0,"3":0,"4":30,"5":14,"6":29,"7":29,"8":15,"9":29,"10":15,"11":14,"12":13,"13":3,"14":1,"15":3,"16":2,"17":2,"18":1,"19":1,"20":1,"21":1},"b":{"0":[2,12],"1":[1,13],"2":[2,11],"3":[1,1],"4":[1,0],"5":[1,2],"6":[2,0]},"meta":{"lastBranch":7,"lastFunction":22,"lastStatement":42,"seen":{"s:25:38:33:Infinity":0,"f:29:2:29:19":0,"f:30:2:30:24":1,"f:31:2:31:24":2,"f:32:2:32:19":3,"s:35:13:35:71":1,"f:41:16:41:29":4,"s:42:16:49:Infinity":2,"f:42:28:42:58":5,"s:43:4:47:Infinity":3,"s:44:21:44:49":4,"s:45:6:45:Infinity":5,"b:45:22:45:40:45:43:45:45":0,"s:47:6:47:Infinity":6,"s:51:2:57:Infinity":7,"f:51:2:51:18":6,"s:52:4:54:Infinity":8,"s:53:6:53:Infinity":9,"s:59:8:61:Infinity":10,"f:59:21:59:Infinity":7,"s:60:10:60:61":11,"f:60:16:60:24":8,"s:60:38:60:59":12,"s:64:8:66:Infinity":13,"f:64:21:64:Infinity":9,"s:65:10:65:74":14,"f:65:16:65:24":10,"s:65:38:65:72":15,"s:69:8:89:Infinity":16,"f:69:8:69:21":11,"b:70:4:70:Infinity:undefined:undefined:undefined:undefined":1,"s:70:4:70:Infinity":17,"s:70:22:70:Infinity":18,"s:72:4:89:Infinity":19,"f:72:4:72:14":12,"s:73:23:73:73":20,"f:73:31:73:37":13,"s:73:46:73:73":21,"b:75:6:85:Infinity:undefined:undefined:undefined:undefined":2,"s:75:6:85:Infinity":22,"s:76:28:76:Infinity":23,"b:77:8:78:Infinity:undefined:undefined:undefined:undefined":3,"s:77:8:78:Infinity":24,"s:78:10:78:Infinity":25,"s:81:8:85:Infinity":26,"f:81:23:81:28":14,"s:82:10:84:Infinity":27,"b:83:14:83:Infinity:84:14:84:Infinity":4,"s:88:6:88:Infinity":28,"s:92:8:101:Infinity":29,"f:92:8:92:26":15,"b:93:4:93:Infinity:undefined:undefined:undefined:undefined":5,"s:93:4:93:Infinity":30,"s:93:22:93:Infinity":31,"s:95:4:101:Infinity":32,"f:95:4:95:14":16,"s:96:6:99:Infinity":33,"f:96:14:96:19":17,"s:97:8:99:Infinity":34,"b:98:12:98:Infinity:99:12:99:Infinity":6,"s:104:8:105:Infinity":35,"f:104:8:104:26":18,"s:105:4:105:Infinity":36,"f:105:4:105:14":19,"s:105:26:105:70":37,"f:105:34:105:42":20,"s:105:51:105:70":38,"s:108:8:109:Infinity":39,"f:108:8:108:26":21,"s:109:4:109:Infinity":40,"s:112:2:125:Infinity":41},"fnNames":{}}}
,"C:\\Users\\pato\\Desktop\\proyecto-fullstack3\\frontend\\src\\features\\inventory\\inventoryApi.ts": {"path":"C:\\Users\\pato\\Desktop\\proyecto-fullstack3\\frontend\\src\\features\\inventory\\inventoryApi.ts","statementMap":{"0":{"start":{"line":3,"column":13},"end":{"line":4,"column":null}},"1":{"start":{"line":4,"column":2},"end":{"line":4,"column":null}},"2":{"start":{"line":4,"column":43},"end":{"line":4,"column":52}},"3":{"start":{"line":7,"column":13},"end":{"line":8,"column":null}},"4":{"start":{"line":8,"column":2},"end":{"line":8,"column":null}},"5":{"start":{"line":8,"column":56},"end":{"line":8,"column":65}},"6":{"start":{"line":11,"column":13},"end":{"line":12,"column":null}},"7":{"start":{"line":12,"column":2},"end":{"line":12,"column":null}},"8":{"start":{"line":12,"column":50},"end":{"line":12,"column":59}},"9":{"start":{"line":15,"column":13},"end":{"line":16,"column":null}},"10":{"start":{"line":16,"column":2},"end":{"line":16,"column":null}},"11":{"start":{"line":16,"column":62},"end":{"line":16,"column":71}},"12":{"start":{"line":19,"column":13},"end":{"line":20,"column":null}},"13":{"start":{"line":20,"column":2},"end":{"line":20,"column":null}}},"fnMap":{"0":{"name":"(anonymous_0)","decl":{"start":{"line":3,"column":13},"end":{"line":3,"column":36}},"loc":{"start":{"line":3,"column":36},"end":{"line":4,"column":null}},"line":3},"1":{"name":"(anonymous_1)","decl":{"start":{"line":4,"column":31},"end":{"line":4,"column":36}},"loc":{"start":{"line":4,"column":43},"end":{"line":4,"column":52}},"line":4},"2":{"name":"(anonymous_2)","decl":{"start":{"line":7,"column":13},"end":{"line":7,"column":33}},"loc":{"start":{"line":7,"column":50},"end":{"line":8,"column":null}},"line":7},"3":{"name":"(anonymous_3)","decl":{"start":{"line":8,"column":44},"end":{"line":8,"column":49}},"loc":{"start":{"line":8,"column":56},"end":{"line":8,"column":65}},"line":8},"4":{"name":"(anonymous_4)","decl":{"start":{"line":11,"column":13},"end":{"line":11,"column":30}},"loc":{"start":{"line":11,"column":48},"end":{"line":12,"column":null}},"line":11},"5":{"name":"(anonymous_5)","decl":{"start":{"line":12,"column":38},"end":{"line":12,"column":43}},"loc":{"start":{"line":12,"column":50},"end":{"line":12,"column":59}},"line":12},"6":{"name":"(anonymous_6)","decl":{"start":{"line":15,"column":13},"end":{"line":15,"column":30}},"loc":{"start":{"line":15,"column":62},"end":{"line":16,"column":null}},"line":15},"7":{"name":"(anonymous_7)","decl":{"start":{"line":16,"column":50},"end":{"line":16,"column":55}},"loc":{"start":{"line":16,"column":62},"end":{"line":16,"column":71}},"line":16},"8":{"name":"(anonymous_8)","decl":{"start":{"line":19,"column":13},"end":{"line":19,"column":30}},"loc":{"start":{"line":19,"column":47},"end":{"line":20,"column":null}},"line":19}},"branchMap":{},"s":{"0":1,"1":1,"2":1,"3":1,"4":1,"5":1,"6":1,"7":1,"8":1,"9":1,"10":1,"11":1,"12":1,"13":1},"f":{"0":1,"1":1,"2":1,"3":1,"4":1,"5":1,"6":1,"7":1,"8":1},"b":{},"meta":{"lastBranch":0,"lastFunction":9,"lastStatement":14,"seen":{"s:3:13:4:Infinity":0,"f:3:13:3:36":0,"s:4:2:4:Infinity":1,"f:4:31:4:36":1,"s:4:43:4:52":2,"s:7:13:8:Infinity":3,"f:7:13:7:33":2,"s:8:2:8:Infinity":4,"f:8:44:8:49":3,"s:8:56:8:65":5,"s:11:13:12:Infinity":6,"f:11:13:11:30":4,"s:12:2:12:Infinity":7,"f:12:38:12:43":5,"s:12:50:12:59":8,"s:15:13:16:Infinity":9,"f:15:13:15:30":6,"s:16:2:16:Infinity":10,"f:16:50:16:55":7,"s:16:62:16:71":11,"s:19:13:20:Infinity":12,"f:19:13:19:30":8,"s:20:2:20:Infinity":13},"fnNames":{}}}
,"C:\\Users\\pato\\Desktop\\proyecto-fullstack3\\frontend\\src\\features\\reporting\\reportingApi.ts": {"path":"C:\\Users\\pato\\Desktop\\proyecto-fullstack3\\frontend\\src\\features\\reporting\\reportingApi.ts","statementMap":{"0":{"start":{"line":3,"column":13},"end":{"line":4,"column":null}},"1":{"start":{"line":4,"column":2},"end":{"line":4,"column":null}},"2":{"start":{"line":4,"column":55},"end":{"line":4,"column":64}},"3":{"start":{"line":7,"column":13},"end":{"line":8,"column":null}},"4":{"start":{"line":8,"column":2},"end":{"line":8,"column":null}},"5":{"start":{"line":8,"column":76},"end":{"line":8,"column":85}},"6":{"start":{"line":11,"column":13},"end":{"line":12,"column":null}},"7":{"start":{"line":12,"column":2},"end":{"line":12,"column":null}},"8":{"start":{"line":12,"column":56},"end":{"line":12,"column":65}},"9":{"start":{"line":15,"column":13},"end":{"line":19,"column":null}},"10":{"start":{"line":16,"column":16},"end":{"line":16,"column":45}},"11":{"start":{"line":17,"column":2},"end":{"line":19,"column":null}},"12":{"start":{"line":19,"column":17},"end":{"line":19,"column":26}}},"fnMap":{"0":{"name":"(anonymous_0)","decl":{"start":{"line":3,"column":13},"end":{"line":3,"column":37}},"loc":{"start":{"line":3,"column":37},"end":{"line":4,"column":null}},"line":3},"1":{"name":"(anonymous_1)","decl":{"start":{"line":4,"column":43},"end":{"line":4,"column":48}},"loc":{"start":{"line":4,"column":55},"end":{"line":4,"column":64}},"line":4},"2":{"name":"(anonymous_2)","decl":{"start":{"line":7,"column":13},"end":{"line":7,"column":31}},"loc":{"start":{"line":7,"column":52},"end":{"line":8,"column":null}},"line":7},"3":{"name":"(anonymous_3)","decl":{"start":{"line":8,"column":64},"end":{"line":8,"column":69}},"loc":{"start":{"line":8,"column":76},"end":{"line":8,"column":85}},"line":8},"4":{"name":"(anonymous_4)","decl":{"start":{"line":11,"column":13},"end":{"line":11,"column":38}},"loc":{"start":{"line":11,"column":38},"end":{"line":12,"column":null}},"line":11},"5":{"name":"(anonymous_5)","decl":{"start":{"line":12,"column":44},"end":{"line":12,"column":49}},"loc":{"start":{"line":12,"column":56},"end":{"line":12,"column":65}},"line":12},"6":{"name":"(anonymous_6)","decl":{"start":{"line":15,"column":13},"end":{"line":15,"column":32}},"loc":{"start":{"line":15,"column":32},"end":{"line":19,"column":null}},"line":15},"7":{"name":"(anonymous_7)","decl":{"start":{"line":19,"column":5},"end":{"line":19,"column":10}},"loc":{"start":{"line":19,"column":17},"end":{"line":19,"column":26}},"line":19}},"branchMap":{"0":{"loc":{"start":{"line":7,"column":31},"end":{"line":7,"column":52}},"type":"default-arg","locations":[{"start":{"line":7,"column":46},"end":{"line":7,"column":52}}],"line":7}},"s":{"0":1,"1":1,"2":1,"3":1,"4":2,"5":2,"6":1,"7":1,"8":1,"9":1,"10":2,"11":2,"12":2},"f":{"0":1,"1":1,"2":2,"3":2,"4":1,"5":1,"6":2,"7":2},"b":{"0":[2]},"meta":{"lastBranch":1,"lastFunction":8,"lastStatement":13,"seen":{"s:3:13:4:Infinity":0,"f:3:13:3:37":0,"s:4:2:4:Infinity":1,"f:4:43:4:48":1,"s:4:55:4:64":2,"s:7:13:8:Infinity":3,"f:7:13:7:31":2,"b:7:46:7:52":0,"s:8:2:8:Infinity":4,"f:8:64:8:69":3,"s:8:76:8:85":5,"s:11:13:12:Infinity":6,"f:11:13:11:38":4,"s:12:2:12:Infinity":7,"f:12:44:12:49":5,"s:12:56:12:65":8,"s:15:13:19:Infinity":9,"f:15:13:15:32":6,"s:16:16:16:45":10,"s:17:2:19:Infinity":11,"f:19:5:19:10":7,"s:19:17:19:26":12},"fnNames":{}}}
,"C:\\Users\\pato\\Desktop\\proyecto-fullstack3\\frontend\\src\\utils\\format.ts": {"path":"C:\\Users\\pato\\Desktop\\proyecto-fullstack3\\frontend\\src\\utils\\format.ts","statementMap":{"0":{"start":{"line":2,"column":2},"end":{"line":11,"column":null}},"1":{"start":{"line":3,"column":16},"end":{"line":7,"column":6}},"2":{"start":{"line":8,"column":4},"end":{"line":8,"column":null}},"3":{"start":{"line":11,"column":4},"end":{"line":11,"column":null}}},"fnMap":{"0":{"name":"formatCurrency","decl":{"start":{"line":1,"column":16},"end":{"line":1,"column":31}},"loc":{"start":{"line":1,"column":82},"end":{"line":11,"column":null}},"line":1}},"branchMap":{"0":{"loc":{"start":{"line":1,"column":46},"end":{"line":1,"column":64}},"type":"default-arg","locations":[{"start":{"line":1,"column":57},"end":{"line":1,"column":64}}],"line":1},"1":{"loc":{"start":{"line":1,"column":64},"end":{"line":1,"column":82}},"type":"default-arg","locations":[{"start":{"line":1,"column":73},"end":{"line":1,"column":82}}],"line":1}},"s":{"0":5,"1":5,"2":5,"3":0},"f":{"0":5},"b":{"0":[5],"1":[5]},"meta":{"lastBranch":2,"lastFunction":1,"lastStatement":4,"seen":{"f:1:16:1:31":0,"b:1:57:1:64":0,"b:1:73:1:82":1,"s:2:2:11:Infinity":0,"s:3:16:7:6":1,"s:8:4:8:Infinity":2,"s:11:4:11:Infinity":3},"fnNames":{}}}
}
