<?xml version="1.0" encoding="UTF-8"?>
<testsuite xmlns:xsi="http://www.w3.org/2001/XMLSchema-instance" xsi:noNamespaceSchemaLocation="https://maven.apache.org/surefire/maven-surefire-plugin/xsd/surefire-test-report.xsd" version="3.0.2" name="com.grupocordillera.ms_reporting.report.service.impl.ReportServiceImplTest" time="0.26" tests="7" errors="0" skipped="0" failures="0" flakes="0">
  <properties>
[...]
</properties>
  <testcase name="testGetReportHistory" classname="com.grupocordillera.ms_reporting.report.service.impl.ReportServiceImplTest" time="0.229"/>
  <testcase name="testGetTopProducts" classname="com.grupocordillera.ms_reporting.report.service.impl.ReportServiceImplTest" time="0.003"/>
  <testcase name="testGetCriticalStock" classname="com.grupocordillera.ms_reporting.report.service.impl.ReportServiceImplTest" time="0.004"/>
  <testcase name="testGetTopCustomers" classname="com.grupocordillera.ms_reporting.report.service.impl.ReportServiceImplTest" time="0.005"/>
  <testcase name="testGetRevenueByCategory" classname="com.grupocordillera.ms_reporting.report.service.impl.ReportServiceImplTest" time="0.003"/>
  <testcase name="testGetSalesSummary" classname="com.grupocordillera.ms_reporting.report.service.impl.ReportServiceImplTest" time="0.003"/>
  <testcase name="testGetFullReport_shouldReturnAndSaveLog" classname="com.grupocordillera.ms_reporting.report.service.impl.ReportServiceImplTest" time="0.006"/>
</testsuite>